<?xml version="1.0" encoding="UTF-8"?>
<!-- Generated by org.testng.reporters.JUnitReportReporter -->
<testsuite hostname="MUKULSANAND-PC" name="qaclickacademy.RestApiTest" tests="2" failures="0" timestamp="15 May 2020 21:36:28 GMT" time="0.000" errors="0">
  <testcase name="deleteTwitter" time="0.000" classname="qaclickacademy.RestApiTest"/>
  <testcase name="postJira" time="0.000" classname="qaclickacademy.RestApiTest"/>
</testsuite> <!-- qaclickacademy.RestApiTest -->
