<?xml version="1.0" encoding="UTF-8"?>
<!-- Generated by org.testng.reporters.JUnitReportReporter -->
<testsuite hostname="MUKULSANAND-PC" name="qaclickacademy.AppiumTest" tests="2" failures="0" timestamp="15 May 2020 21:36:28 GMT" time="0.011" errors="0">
  <testcase name="androidApps" time="0.011" classname="qaclickacademy.AppiumTest"/>
  <testcase name="iosApps" time="0.000" classname="qaclickacademy.AppiumTest"/>
</testsuite> <!-- qaclickacademy.AppiumTest -->
