<?xml version="1.0" encoding="UTF-8"?>
<!-- Generated by org.testng.reporters.JUnitReportReporter -->
<testsuite hostname="MUKULSANAND-PC" name="qaclickacademy.SeleniumTest" tests="2" failures="0" timestamp="15 May 2020 21:36:28 GMT" time="0.000" errors="0">
  <testcase name="ElementsUI" time="0.000" classname="qaclickacademy.SeleniumTest"/>
  <testcase name="browserAutomation" time="0.000" classname="qaclickacademy.SeleniumTest"/>
</testsuite> <!-- qaclickacademy.SeleniumTest -->
