<?xml version="1.0" encoding="UTF-8"?>
<!-- Generated by org.testng.reporters.JUnitReportReporter -->
<testsuite hostname="MUKULSANAND-PC" name="qaclickacademy.AppTest" tests="1" failures="0" timestamp="15 May 2020 21:36:28 GMT" time="0.002" errors="0">
  <testcase name="testApp" time="0.002" classname="qaclickacademy.AppTest"/>
</testsuite> <!-- qaclickacademy.AppTest -->
